[debug] [2021-12-12T00:18:15.673Z] ----------------------------------------------------------------------
[debug] [2021-12-12T00:18:15.675Z] Command:       D:\nodejs\node.exe C:\Users\ten_0\AppData\Roaming\npm\node_modules\firebase-tools\lib\bin\firebase.js init
[debug] [2021-12-12T00:18:15.675Z] CLI Version:   9.23.1
[debug] [2021-12-12T00:18:15.675Z] Platform:      win32
[debug] [2021-12-12T00:18:15.675Z] Node Version:  v14.17.3
[debug] [2021-12-12T00:18:15.676Z] Time:          Sun Dec 12 2021 07:18:15 GMT+0700 (Indochina Time)
[debug] [2021-12-12T00:18:15.676Z] ----------------------------------------------------------------------
[debug] 
[debug] [2021-12-12T00:18:15.683Z] > command requires scopes: ["email","openid","https://www.googleapis.com/auth/cloudplatformprojects.readonly","https://www.googleapis.com/auth/firebase","https://www.googleapis.com/auth/cloud-platform"]
[debug] [2021-12-12T00:18:15.683Z] > authorizing via signed-in user (waritthona@gmail.com)
[info] 
     ######## #### ########  ######## ########     ###     ######  ########
     ##        ##  ##     ## ##       ##     ##  ##   ##  ##       ##
     ######    ##  ########  ######   ########  #########  ######  ######
     ##        ##  ##    ##  ##       ##     ## ##     ##       ## ##
     ##       #### ##     ## ######## ########  ##     ##  ######  ########

You're about to initialize a Firebase project in this directory:

  D:\Tee-workshop\website

[info] 
=== Project Setup
[info] 
[info] First, let's associate this project directory with a Firebase project.
[info] You can create multiple project aliases by running firebase use --add, 
[info] but for now we'll just set up a default project.
[info] 
[debug] [2021-12-12T00:19:58.215Z] >>> [apiv2][query] GET https://firebase.googleapis.com/v1beta1/projects pageSize=100
[debug] [2021-12-12T00:19:58.952Z] <<< [apiv2][status] GET https://firebase.googleapis.com/v1beta1/projects 200
[debug] [2021-12-12T00:19:58.952Z] <<< [apiv2][body] GET https://firebase.googleapis.com/v1beta1/projects [omitted]
[info] i  Using project tee-buao-project (tee-buao-project) 
[info] 
=== Hosting Setup
[info] 
[info] Your public directory is the folder (relative to your project directory) that
[info] will contain Hosting assets to be uploaded with firebase deploy. If you
[info] have a build process for your assets, use your build's output directory.
[info] 
[info] +  Wrote public/404.html 
[debug] [2021-12-12T00:24:02.571Z] >>> [apiv2][query] GET https://www.gstatic.com/firebasejs/releases.json [none]
[debug] [2021-12-12T00:24:02.731Z] <<< [apiv2][status] GET https://www.gstatic.com/firebasejs/releases.json 200
[debug] [2021-12-12T00:24:02.731Z] <<< [apiv2][body] GET https://www.gstatic.com/firebasejs/releases.json {"current":{"version":"9.6.1","browserURL":"https://www.gstatic.com/firebasejs/9.6.1/firebase.js","packageURL":"https://www.gstatic.com/firebasejs/9.6.1/firebase.tgz"},"live":{"version":"9.6","browserURL":"https://www.gstatic.com/firebasejs/live/9.6/firebase.js","packageURL":"https://www.gstatic.com/firebasejs/live/9.6/firebase.tgz"},"components":{"analytics":"https://www.gstatic.com/firebasejs/9.6.1/firebase-analytics.js","app":"https://www.gstatic.com/firebasejs/9.6.1/firebase-app.js","app-check":"https://www.gstatic.com/firebasejs/9.6.1/firebase-app-check.js","auth":"https://www.gstatic.com/firebasejs/9.6.1/firebase-auth.js","auth/cordova":"https://www.gstatic.com/firebasejs/9.6.1/firebase-auth/cordova.js","auth/react-native":"https://www.gstatic.com/firebasejs/9.6.1/firebase-auth/react-native.js","functions":"https://www.gstatic.com/firebasejs/9.6.1/firebase-functions.js","firestore":"https://www.gstatic.com/firebasejs/9.6.1/firebase-firestore.js","firestore/lite":"https://www.gstatic.com/firebasejs/9.6.1/firebase-firestore/lite.js","storage":"https://www.gstatic.com/firebasejs/9.6.1/firebase-storage.js","performance":"https://www.gstatic.com/firebasejs/9.6.1/firebase-performance.js","remote-config":"https://www.gstatic.com/firebasejs/9.6.1/firebase-remote-config.js","messaging":"https://www.gstatic.com/firebasejs/9.6.1/firebase-messaging.js","messaging/sw":"https://www.gstatic.com/firebasejs/9.6.1/firebase-messaging/sw.js","database":"https://www.gstatic.com/firebasejs/9.6.1/firebase-database.js","firestore.memory":"https://www.gstatic.com/firebasejs/9.6.1/firebase-firestore.memory.js"}}
[info] +  Wrote public/index.html 
[info] 
[info] i  Didn't detect a .git folder. Assuming D:\Tee-workshop\website is the project root. 
[info] i  Authorizing with GitHub to upload your service account to a GitHub repository's secrets store. 
[info] 
[info] Visit this URL on this device to log in:
[info] https://github.com/login/oauth/authorize?client_id=89cf50f02ac6aaed3484&state=263883688&redirect_uri=http%3A%2F%2Flocalhost%3A9005&scope=read%3Auser%20repo%20public_repo
[info] 
[info] Waiting for authentication...
[debug] [2021-12-12T00:24:03.594Z] >>> HTTP REQUEST POST https://github.com/login/oauth/access_token  
 {"client_id":"89cf50f02ac6aaed3484","client_secret":"3330d14abc895d9a74d5f17cd7a00711fa2c5bf0","code":"ccac5b09805f98594236","redirect_uri":"http://localhost:9005","state":"263883688"}
[debug] [2021-12-12T00:24:04.042Z] <<< HTTP RESPONSE 200 {"server":"GitHub.com","date":"Sun, 12 Dec 2021 00:24:04 GMT","content-type":"application/json; charset=utf-8","transfer-encoding":"chunked","vary":"X-PJAX, X-PJAX-Container, Accept-Encoding, Accept, X-Requested-With","permissions-policy":"interest-cohort=()","etag":"W/\"4560897262dece34e24db2a200dabec5\"","cache-control":"max-age=0, private, must-revalidate","strict-transport-security":"max-age=31536000; includeSubdomains; preload","x-frame-options":"deny","x-content-type-options":"nosniff","x-xss-protection":"0","referrer-policy":"origin-when-cross-origin, strict-origin-when-cross-origin","expect-ct":"max-age=2592000, report-uri=\"https://api.github.com/_private/browser/errors\"","content-security-policy":"default-src 'none'; base-uri 'self'; block-all-mixed-content; child-src github.com/assets-cdn/worker/ gist.github.com/assets-cdn/worker/; connect-src 'self' uploads.github.com objects-origin.githubusercontent.com www.githubstatus.com collector.githubapp.com api.github.com github-cloud.s3.amazonaws.com github-production-repository-file-5c1aeb.s3.amazonaws.com github-production-upload-manifest-file-7fdce7.s3.amazonaws.com github-production-user-asset-6210df.s3.amazonaws.com cdn.optimizely.com logx.optimizely.com/v1/events translator.github.com wss://alive.github.com; font-src github.githubassets.com; form-action 'self' github.com gist.github.com objects-origin.githubusercontent.com; frame-ancestors 'none'; frame-src render.githubusercontent.com viewscreen.githubusercontent.com notebooks.githubusercontent.com; img-src 'self' data: github.githubassets.com identicons.github.com collector.githubapp.com github-cloud.s3.amazonaws.com secured-user-images.githubusercontent.com/ *.githubusercontent.com; manifest-src 'self'; media-src github.com user-images.githubusercontent.com/; script-src github.githubassets.com; style-src 'unsafe-inline' github.githubassets.com; worker-src github.com/assets-cdn/worker/ gist.github.com/assets-cdn/worker/","x-github-request-id":"0A00:3DEB:32948F:45AC1A:61B54124"}
[debug] [2021-12-12T00:24:04.048Z] >>> [apiv2][query] GET https://api.github.com/user [none]
[debug] [2021-12-12T00:24:04.588Z] <<< [apiv2][status] GET https://api.github.com/user 200
[debug] [2021-12-12T00:24:04.588Z] <<< [apiv2][body] GET https://api.github.com/user {"login":"waritthonAuttama","id":85775989,"node_id":"MDQ6VXNlcjg1Nzc1OTg5","avatar_url":"https://avatars.githubusercontent.com/u/85775989?v=4","gravatar_id":"","url":"https://api.github.com/users/waritthonAuttama","html_url":"https://github.com/waritthonAuttama","followers_url":"https://api.github.com/users/waritthonAuttama/followers","following_url":"https://api.github.com/users/waritthonAuttama/following{/other_user}","gists_url":"https://api.github.com/users/waritthonAuttama/gists{/gist_id}","starred_url":"https://api.github.com/users/waritthonAuttama/starred{/owner}{/repo}","subscriptions_url":"https://api.github.com/users/waritthonAuttama/subscriptions","organizations_url":"https://api.github.com/users/waritthonAuttama/orgs","repos_url":"https://api.github.com/users/waritthonAuttama/repos","events_url":"https://api.github.com/users/waritthonAuttama/events{/privacy}","received_events_url":"https://api.github.com/users/waritthonAuttama/received_events","type":"User","site_admin":false,"name":"Tenshiroza007","company":null,"blog":"","location":null,"email":null,"hireable":null,"bio":null,"twitter_username":null,"public_repos":19,"public_gists":1,"followers":0,"following":0,"created_at":"2021-06-12T03:43:56Z","updated_at":"2021-11-20T08:18:35Z","private_gists":0,"total_private_repos":11,"owned_private_repos":11,"disk_usage":17576,"collaborators":0,"two_factor_authentication":false,"plan":{"name":"free","space":976562499,"collaborators":0,"private_repos":10000}}
[info] 
[info] +  Success! Logged into GitHub as waritthonAuttama 
[info] 
